2015-05-14 09:25:36.470 [main] INFO  com.nnk.maven.test.boot.Application - Starting Application on YRGCGZSR9CQDDA3 with PID 6088 (G:\workspace\20150504\test-sample\target\test-sample-0.0.1-SNAPSHOT.jar started by Administrator)
2015-05-14 09:25:36.471 [main] DEBUG com.nnk.maven.test.boot.Application - Running with Spring Boot v1.0.1.RELEASE, Spring v4.0.3.RELEASE
2015-05-14 09:25:36.501 [main] INFO  o.s.b.c.e.AnnotationConfigEmbeddedWebApplicationContext - Refreshing org.springframework.boot.context.embedded.AnnotationConfigEmbeddedWebApplicationContext@b86894: startup date [Thu May 14 09:25:36 CST 2015]; root of context hierarchy
2015-05-14 09:25:36.977 [main] INFO  o.s.b.c.e.t.TomcatEmbeddedServletContainerFactory - Server initialized with port: 9000
2015-05-14 09:25:37.067 [main] INFO  org.apache.coyote.http11.Http11NioProtocol - Initializing ProtocolHandler ["http-nio-9000"]
2015-05-14 09:25:37.071 [main] INFO  org.apache.catalina.core.StandardService - Starting service Tomcat
2015-05-14 09:25:37.071 [main] INFO  org.apache.catalina.core.StandardEngine - Starting Servlet Engine: Apache Tomcat/7.0.52
2015-05-14 09:25:37.125 [localhost-startStop-1] INFO  o.a.c.core.ContainerBase.[Tomcat].[localhost].[/] - Initializing Spring embedded WebApplicationContext
2015-05-14 09:25:37.125 [localhost-startStop-1] INFO  org.springframework.web.context.ContextLoader - Root WebApplicationContext: initialization completed in 624 ms
2015-05-14 09:25:37.399 [localhost-startStop-1] INFO  o.s.boot.context.embedded.ServletRegistrationBean - Mapping servlet: 'dispatcherServlet' to [/]
2015-05-14 09:25:37.401 [localhost-startStop-1] INFO  o.s.boot.context.embedded.FilterRegistrationBean - Mapping filter: 'hiddenHttpMethodFilter' to: [/*]
2015-05-14 09:25:37.416 [main] INFO  org.apache.coyote.http11.Http11NioProtocol - Starting ProtocolHandler ["http-nio-9000"]
2015-05-14 09:25:37.424 [main] INFO  org.apache.tomcat.util.net.NioSelectorPool - Using a shared selector for servlet write/read
2015-05-14 09:25:37.431 [main] INFO  org.apache.coyote.http11.Http11NioProtocol - Stopping ProtocolHandler ["http-nio-9000"]
2015-05-14 09:25:37.565 [main] INFO  o.s.web.servlet.handler.SimpleUrlHandlerMapping - Mapped URL path [/**/favicon.ico] onto handler of type [class org.springframework.web.servlet.resource.ResourceHttpRequestHandler]
2015-05-14 09:25:37.603 [main] INFO  o.s.w.s.m.m.a.RequestMappingHandlerMapping - Mapped "{[/hrbb2c/pay],methods=[],params=[],headers=[],consumes=[],produces=[],custom=[]}" onto public java.lang.String com.nnk.maven.test.controller.PayController.pay(java.lang.String,java.lang.String,javax.servlet.http.HttpServletRequest,javax.servlet.http.HttpServletResponse)
2015-05-14 09:25:37.604 [main] INFO  o.s.w.s.m.m.a.RequestMappingHandlerMapping - Mapped "{[/{id}],methods=[],params=[],headers=[],consumes=[],produces=[],custom=[]}" onto public java.lang.String com.nnk.maven.test.controller.UserController.view(java.lang.Long)
2015-05-14 09:25:37.613 [main] INFO  o.s.web.servlet.handler.SimpleUrlHandlerMapping - Mapped URL path [/**] onto handler of type [class org.springframework.web.servlet.resource.ResourceHttpRequestHandler]
2015-05-14 09:25:37.613 [main] INFO  o.s.web.servlet.handler.SimpleUrlHandlerMapping - Mapped URL path [/webjars/**] onto handler of type [class org.springframework.web.servlet.resource.ResourceHttpRequestHandler]
2015-05-14 09:25:37.675 [main] INFO  o.s.jmx.export.annotation.AnnotationMBeanExporter - Registering beans for JMX exposure on startup
2015-05-14 09:25:37.684 [main] INFO  org.apache.coyote.http11.Http11NioProtocol - Starting ProtocolHandler ["http-nio-9000"]
2015-05-14 09:25:37.686 [main] INFO  org.apache.tomcat.util.net.NioSelectorPool - Using a shared selector for servlet write/read
2015-05-14 09:25:37.688 [main] INFO  o.s.b.c.e.tomcat.TomcatEmbeddedServletContainer - Tomcat started on port(s): 9000/http
2015-05-14 09:25:37.689 [main] INFO  com.nnk.maven.test.boot.Application - Started Application in 1.336 seconds (JVM running for 1.595)
2015-05-14 09:25:40.831 [http-nio-9000-exec-1] INFO  o.a.c.core.ContainerBase.[Tomcat].[localhost].[/] - Initializing Spring FrameworkServlet 'dispatcherServlet'
2015-05-14 09:25:40.831 [http-nio-9000-exec-1] INFO  org.springframework.web.servlet.DispatcherServlet - FrameworkServlet 'dispatcherServlet': initialization started
2015-05-14 09:25:40.838 [http-nio-9000-exec-1] INFO  org.springframework.web.servlet.DispatcherServlet - FrameworkServlet 'dispatcherServlet': initialization completed in 7 ms
2015-05-14 09:25:44.630 [http-nio-9000-exec-2] DEBUG com.nnk.maven.test.controller.PayController - 开始进入支付： 订单号 = 1,交易金额 = 2
2015-05-14 09:25:44.635 [http-nio-9000-exec-2] DEBUG com.nnk.maven.test.controller.PayController - /G:/workspace/20150504/test-sample/target//msgclient.xml
2015-05-14 09:25:44.636 [http-nio-9000-exec-2] DEBUG com.nnk.maven.test.controller.PayController - 订单签名数据原文 : TranAbbr=NP09|OrderId=1|MerchantDateTime=20150514092544|TransAmount=2|MerchantUrl=http://112.95.172.89:81/interface/HebB2CPay/notify.php|MerchantId=400020150505143121|TermCode=|Remark1=|Remark2=
2015-05-14 09:25:44.643 [http-nio-9000-exec-2] INFO  com.nnk.maven.test.handler.Handler - 接收到的msgsrv内容TranAbbr=NP09|OrderId=1|MerchantDateTime=20150514092544|TransAmount=2|MerchantUrl=http://112.95.172.89:81/interface/HebB2CPay/notify.php|MerchantId=400020150505143121|TermCode=|Remark1=|Remark2=
2015-05-14 09:25:44.895 [http-nio-9000-exec-2] DEBUG com.nnk.maven.test.controller.PayController - 签名返回数据 : 5dc8781cfe16869cf6964a9c4a2a742339f25362f55ba0928a986219bdb10c64e4ebdc03e095f047f754650e16d732ffcd89f727f00c6d663ed5cd11327461e78cc42c31abf02dc877315f12b55e8ef88303e7cc6771a3c95d9e32c45bdd8ac605616cbc5d985b718138c370da3c194febaef9c9b3b3f3006ae45442dac79c18
2015-05-14 09:25:44.898 [http-nio-9000-exec-2] DEBUG com.nnk.maven.test.controller.PayController - 发往银行的表单 : <form method='post' action='https://pbanktest.95559.com.cn/netpay/MerPayB2C' name='HEBForm'><input type='hidden' name='Plain' id='Plain' value='TranAbbr=NP09|OrderId=1|MerchantDateTime=20150514092544|TransAmount=2|MerchantUrl=http://112.95.172.89:81/interface/HebB2CPay/notify.php|MerchantId=400020150505143121|TermCode=|Remark1=|Remark2='><input type='hidden' name='Signature' id='Signature' value='5dc8781cfe16869cf6964a9c4a2a742339f25362f55ba0928a986219bdb10c64e4ebdc03e095f047f754650e16d732ffcd89f727f00c6d663ed5cd11327461e78cc42c31abf02dc877315f12b55e8ef88303e7cc6771a3c95d9e32c45bdd8ac605616cbc5d985b718138c370da3c194febaef9c9b3b3f3006ae45442dac79c18'><input type='hidden' name='transName' id='transName' value='NP09'></form><script language='javascript'>document.forms[0].submit();</script>
2015-05-14 09:30:49.194 [Thread-1] INFO  o.s.b.c.e.AnnotationConfigEmbeddedWebApplicationContext - Closing org.springframework.boot.context.embedded.AnnotationConfigEmbeddedWebApplicationContext@b86894: startup date [Thu May 14 09:25:36 CST 2015]; root of context hierarchy
2015-05-14 09:30:49.197 [Thread-1] INFO  o.s.jmx.export.annotation.AnnotationMBeanExporter - Unregistering JMX-exposed beans on shutdown
2015-05-14 17:09:35.187 [main] INFO  com.nnk.maven.test.boot.Application - Starting Application on YRGCGZSR9CQDDA3 with PID 1420 (G:\workspace\20150504\test-sample\target\test-sample-0.0.1-SNAPSHOT.jar started by Administrator)
2015-05-14 17:09:35.216 [main] DEBUG com.nnk.maven.test.boot.Application - Running with Spring Boot v1.0.1.RELEASE, Spring v4.0.3.RELEASE
2015-05-14 17:09:35.233 [main] INFO  o.s.b.c.e.AnnotationConfigEmbeddedWebApplicationContext - Refreshing org.springframework.boot.context.embedded.AnnotationConfigEmbeddedWebApplicationContext@b86894: startup date [Thu May 14 17:09:35 CST 2015]; root of context hierarchy
2015-05-14 17:09:35.710 [main] INFO  o.s.b.c.e.t.TomcatEmbeddedServletContainerFactory - Server initialized with port: 9000
2015-05-14 17:09:35.796 [main] INFO  org.apache.coyote.http11.Http11NioProtocol - Initializing ProtocolHandler ["http-nio-9000"]
2015-05-14 17:09:35.800 [main] INFO  org.apache.catalina.core.StandardService - Starting service Tomcat
2015-05-14 17:09:35.800 [main] INFO  org.apache.catalina.core.StandardEngine - Starting Servlet Engine: Apache Tomcat/7.0.52
2015-05-14 17:09:35.885 [localhost-startStop-1] INFO  o.a.c.core.ContainerBase.[Tomcat].[localhost].[/] - Initializing Spring embedded WebApplicationContext
2015-05-14 17:09:35.886 [localhost-startStop-1] INFO  org.springframework.web.context.ContextLoader - Root WebApplicationContext: initialization completed in 653 ms
2015-05-14 17:09:36.159 [localhost-startStop-1] INFO  o.s.boot.context.embedded.ServletRegistrationBean - Mapping servlet: 'dispatcherServlet' to [/]
2015-05-14 17:09:36.160 [localhost-startStop-1] INFO  o.s.boot.context.embedded.FilterRegistrationBean - Mapping filter: 'hiddenHttpMethodFilter' to: [/*]
2015-05-14 17:09:36.174 [main] INFO  org.apache.coyote.http11.Http11NioProtocol - Starting ProtocolHandler ["http-nio-9000"]
2015-05-14 17:09:36.182 [main] INFO  org.apache.tomcat.util.net.NioSelectorPool - Using a shared selector for servlet write/read
2015-05-14 17:09:36.189 [main] INFO  org.apache.coyote.http11.Http11NioProtocol - Stopping ProtocolHandler ["http-nio-9000"]
2015-05-14 17:09:36.339 [main] INFO  o.s.web.servlet.handler.SimpleUrlHandlerMapping - Mapped URL path [/**/favicon.ico] onto handler of type [class org.springframework.web.servlet.resource.ResourceHttpRequestHandler]
2015-05-14 17:09:36.371 [main] INFO  o.s.w.s.m.m.a.RequestMappingHandlerMapping - Mapped "{[/hrbb2c/pay],methods=[],params=[],headers=[],consumes=[],produces=[],custom=[]}" onto public java.lang.String com.nnk.maven.test.controller.PayController.pay(java.lang.String,java.lang.String,javax.servlet.http.HttpServletRequest,javax.servlet.http.HttpServletResponse)
2015-05-14 17:09:36.372 [main] INFO  o.s.w.s.m.m.a.RequestMappingHandlerMapping - Mapped "{[/{id}],methods=[],params=[],headers=[],consumes=[],produces=[],custom=[]}" onto public java.lang.String com.nnk.maven.test.controller.UserController.view(java.lang.Long)
2015-05-14 17:09:36.383 [main] INFO  o.s.web.servlet.handler.SimpleUrlHandlerMapping - Mapped URL path [/**] onto handler of type [class org.springframework.web.servlet.resource.ResourceHttpRequestHandler]
2015-05-14 17:09:36.383 [main] INFO  o.s.web.servlet.handler.SimpleUrlHandlerMapping - Mapped URL path [/webjars/**] onto handler of type [class org.springframework.web.servlet.resource.ResourceHttpRequestHandler]
2015-05-14 17:09:36.440 [main] INFO  o.s.jmx.export.annotation.AnnotationMBeanExporter - Registering beans for JMX exposure on startup
2015-05-14 17:09:36.452 [main] INFO  org.apache.coyote.http11.Http11NioProtocol - Starting ProtocolHandler ["http-nio-9000"]
2015-05-14 17:09:36.454 [main] INFO  org.apache.tomcat.util.net.NioSelectorPool - Using a shared selector for servlet write/read
2015-05-14 17:09:36.456 [main] INFO  o.s.b.c.e.tomcat.TomcatEmbeddedServletContainer - Tomcat started on port(s): 9000/http
2015-05-14 17:09:36.457 [main] INFO  com.nnk.maven.test.boot.Application - Started Application in 1.383 seconds (JVM running for 1.63)
2015-05-14 17:09:46.406 [http-nio-9000-exec-1] INFO  o.a.c.core.ContainerBase.[Tomcat].[localhost].[/] - Initializing Spring FrameworkServlet 'dispatcherServlet'
2015-05-14 17:09:46.407 [http-nio-9000-exec-1] INFO  org.springframework.web.servlet.DispatcherServlet - FrameworkServlet 'dispatcherServlet': initialization started
2015-05-14 17:09:46.413 [http-nio-9000-exec-1] INFO  org.springframework.web.servlet.DispatcherServlet - FrameworkServlet 'dispatcherServlet': initialization completed in 6 ms
2015-05-14 17:09:46.435 [http-nio-9000-exec-1] DEBUG com.nnk.maven.test.controller.PayController - 开始进入支付： 订单号 = 1,交易金额 = 2
2015-05-14 17:09:46.437 [http-nio-9000-exec-1] DEBUG com.nnk.maven.test.controller.PayController - /G:/workspace/20150504/test-sample/target//msgclient.xml
2015-05-14 17:09:46.437 [http-nio-9000-exec-1] DEBUG com.nnk.maven.test.controller.PayController - 订单签名数据原文 : TranAbbr=NP09|OrderId=1|MerchantDateTime=20150514170946|TransAmount=2|MerchantUrl=http://112.95.172.89:81/interface/HebB2CPay/notify.php|MerchantId=400020150505143121|TermCode=|Remark1=|Remark2=
2015-05-14 17:09:46.439 [http-nio-9000-exec-1] INFO  com.nnk.maven.test.handler.Handler - 接收到的msgsrv内容TranAbbr=NP09|OrderId=1|MerchantDateTime=20150514170946|TransAmount=2|MerchantUrl=http://112.95.172.89:81/interface/HebB2CPay/notify.php|MerchantId=400020150505143121|TermCode=|Remark1=|Remark2=
2015-05-14 17:09:46.490 [http-nio-9000-exec-1] DEBUG com.nnk.maven.test.controller.PayController - 签名返回数据 : 1940a31b83b60de1da1a410d84396183b3c478a409d40fbe5347bcb9b5a15152b70bf8a130d2f21373703d3f2a3cdce2626e5e8d8616473095cb89ba58cd211ce29f29ff3a9c6a3cc1534943f94d22e502a2afc94d10096e23130908f088b8bf5f5bb177319c25788065aaeac3dccd63efb25c2d2fcd41d9dd321f0dc1080546
2015-05-14 17:09:46.492 [http-nio-9000-exec-1] DEBUG com.nnk.maven.test.controller.PayController - 发往银行的表单 : <form method='post' action='https://pbanktest.95559.com.cn/netpay/MerPayB2C' name='HEBForm'><input type='hidden' name='Plain' id='Plain' value='TranAbbr=NP09|OrderId=1|MerchantDateTime=20150514170946|TransAmount=2|MerchantUrl=http://112.95.172.89:81/interface/HebB2CPay/notify.php|MerchantId=400020150505143121|TermCode=|Remark1=|Remark2='><input type='hidden' name='Signature' id='Signature' value='1940a31b83b60de1da1a410d84396183b3c478a409d40fbe5347bcb9b5a15152b70bf8a130d2f21373703d3f2a3cdce2626e5e8d8616473095cb89ba58cd211ce29f29ff3a9c6a3cc1534943f94d22e502a2afc94d10096e23130908f088b8bf5f5bb177319c25788065aaeac3dccd63efb25c2d2fcd41d9dd321f0dc1080546'><input type='hidden' name='transName' id='transName' value='NP09'></form><script language='javascript'>document.forms[0].submit();</script>
2015-05-14 17:09:56.321 [Thread-1] INFO  o.s.b.c.e.AnnotationConfigEmbeddedWebApplicationContext - Closing org.springframework.boot.context.embedded.AnnotationConfigEmbeddedWebApplicationContext@b86894: startup date [Thu May 14 17:09:35 CST 2015]; root of context hierarchy
2015-05-14 17:09:56.324 [Thread-1] INFO  o.s.jmx.export.annotation.AnnotationMBeanExporter - Unregistering JMX-exposed beans on shutdown
